2025-12-08T19:17:05.147Z - Error: {"error":{"type":"https://api.twitter.com/2/problems/invalid-request"},"type":"response","code":400,"headers":{},"rateLimit":{}}
2025-12-08T19:17:05.149Z - API Data: {"errors":[{"parameters":{"$.reply.in_reply_to_tweet_id":["\"1phkxv9\""]},"message":"$.reply.in_reply_to_tweet_id: does not match the regex pattern ^[0-9]{1,19}$"}],"title":"Invalid Request","detail":"One or more parameters to your request was invalid.","type":"https://api.twitter.com/2/problems/invalid-request"}
2025-12-08T20:48:18.041Z - Error: {"error":{"type":"https://api.twitter.com/2/problems/invalid-request"},"type":"response","code":400,"headers":{},"rateLimit":{}}
2025-12-08T20:48:18.044Z - API Data: {"errors":[{"parameters":{"$.reply.in_reply_to_tweet_id":["\"daily-1765226892298\""]},"message":"$.reply.in_reply_to_tweet_id: does not match the regex pattern ^[0-9]{1,19}$"}],"title":"Invalid Request","detail":"One or more parameters to your request was invalid.","type":"https://api.twitter.com/2/problems/invalid-request"}
2025-12-08T20:49:56.108Z - Error: {"stack":"Error: Cannot use a pool after calling end on the pool\n    at file:///Users/paulg/Documents/Antigravity%20Github%20folder/Turai-v1/VibePost-Core/node_modules/@neondatabase/serverless/index.mjs:1345:74\n    at process.processTicksAndRejections (node:internal/process/task_queues:105:5)\n    at async NeonPreparedQuery.execute (/Users/paulg/Documents/Antigravity Github folder/Turai-v1/VibePost-Core/node_modules/src/neon-serverless/session.ts:102:18)\n    at async DatabaseStorage.getPlatformConnection (/Users/paulg/Documents/Antigravity Github folder/Turai-v1/VibePost-Core/server/storage.ts:489:26)\n    at async publishDraft (/Users/paulg/Documents/Antigravity Github folder/Turai-v1/VibePost-Core/server/services/twitter_publisher.ts:26:35)\n    at async generateDailyPostcard (/Users/paulg/Documents/Antigravity Github folder/Turai-v1/VibePost-Core/server/services/daily_postcard.ts:168:35)\n    at async <anonymous> (/Users/paulg/Documents/Antigravity Github folder/Turai-v1/VibePost-Core/server/routes.ts:866:22)","message":"Cannot use a pool after calling end on the pool"}
2025-12-09T15:00:06.512Z - Error: {"stack":"Error: Failed to download image: Bad Gateway\n    at publishDraft (/Users/paulg/Documents/Antigravity Github folder/Turai-v1/VibePost-Core/server/services/twitter_publisher.ts:62:37)\n    at process.processTicksAndRejections (node:internal/process/task_queues:105:5)\n    at async generateDailyPostcard (/Users/paulg/Documents/Antigravity Github folder/Turai-v1/VibePost-Core/server/services/daily_postcard.ts:168:35)\n    at async cron.schedule.timezone (/Users/paulg/Documents/Antigravity Github folder/Turai-v1/VibePost-Core/server/services/daily_postcard_scheduler.ts:33:28)\n    at async Timeout._onTimeout (/Users/paulg/Documents/Antigravity Github folder/Turai-v1/VibePost-Core/node_modules/node-cron/src/scheduler/runner.ts:100:30)","message":"Failed to download image: Bad Gateway"}
2025-12-09T17:51:25.462Z - Error: {"error":{"error":"Segments do not add up to provided total file size."},"type":"response","code":400,"headers":{},"rateLimit":{}}
2025-12-09T17:51:25.464Z - API Data: {"request":"/1.1/media/upload.json","error":"Segments do not add up to provided total file size.","errors":[{"code":131,"message":"Segments do not add up to provided total file size."}]}
2025-12-09T17:52:54.130Z - Error: {"stack":"Error: Image too small (0 bytes) - likely a failed download\n    at publishDraft (/Users/paulg/Documents/Antigravity Github folder/Turai-v1/VibePost-Core/server/services/twitter_publisher.ts:86:19)\n    at process.processTicksAndRejections (node:internal/process/task_queues:105:5)\n    at async generateDailyPostcard (/Users/paulg/Documents/Antigravity Github folder/Turai-v1/VibePost-Core/server/services/daily_postcard.ts:197:35)\n    at async <anonymous> (/Users/paulg/Documents/Antigravity Github folder/Turai-v1/VibePost-Core/server/routes.ts:868:22)","message":"Image too small (0 bytes) - likely a failed download"}
2025-12-09T19:32:56.398Z - Error: {"stack":"Error: Unsupported image format (must be HTTP URL or Data URI)\n    at publishDraft (/Users/paulg/Documents/Antigravity Github folder/Turai-v1/VibePost-Core/server/services/twitter_publisher.ts:79:19)\n    at process.processTicksAndRejections (node:internal/process/task_queues:105:5)\n    at async postThreadTour (/Users/paulg/Documents/Antigravity Github folder/Turai-v1/VibePost-Core/server/services/thread_tour.ts:369:32)\n    at async <anonymous> (/Users/paulg/Documents/Antigravity Github folder/Turai-v1/VibePost-Core/server/routes.ts:992:22)","message":"Unsupported image format (must be HTTP URL or Data URI)"}
2025-12-09T21:05:07.983Z - Error: {"stack":"Error: Failed to download image: Service Unavailable\n    at publishDraft (/Users/paulg/Documents/Antigravity Github folder/Turai-v1/VibePost-Core/server/services/twitter_publisher.ts:62:37)\n    at process.processTicksAndRejections (node:internal/process/task_queues:105:5)\n    at async postThreadTour (/Users/paulg/Documents/Antigravity Github folder/Turai-v1/VibePost-Core/server/services/thread_tour.ts:463:32)\n    at async <anonymous> (/Users/paulg/Documents/Antigravity Github folder/Turai-v1/VibePost-Core/server/routes.ts:992:22)","message":"Failed to download image: Service Unavailable"}
2025-12-11T04:03:31.157Z - Error: {"stack":"Error: Failed to download image: Service Unavailable\n    at publishDraft (/Users/paulg/Documents/Antigravity Github folder/Turai-v1/VibePost-Core/server/services/twitter_publisher.ts:62:37)\n    at process.processTicksAndRejections (node:internal/process/task_queues:105:5)\n    at async postThreadTour (/Users/paulg/Documents/Antigravity Github folder/Turai-v1/VibePost-Core/server/services/thread_tour.ts:435:29)\n    at async <anonymous> (/Users/paulg/Documents/Antigravity Github folder/Turai-v1/VibePost-Core/server/routes.ts:1023:22)","message":"Failed to download image: Service Unavailable"}
2025-12-11T04:07:01.680Z - Error: {"stack":"Error: Failed to download image: Service Unavailable\n    at publishDraft (/Users/paulg/Documents/Antigravity Github folder/Turai-v1/VibePost-Core/server/services/twitter_publisher.ts:62:37)\n    at process.processTicksAndRejections (node:internal/process/task_queues:105:5)\n    at async postThreadTour (/Users/paulg/Documents/Antigravity Github folder/Turai-v1/VibePost-Core/server/services/thread_tour.ts:435:29)\n    at async <anonymous> (/Users/paulg/Documents/Antigravity Github folder/Turai-v1/VibePost-Core/server/routes.ts:1023:22)","message":"Failed to download image: Service Unavailable"}
2025-12-11T14:51:00.608Z - Error: {"stack":"Error: Failed to download image: Forbidden\n    at publishDraft (/Users/paulg/Documents/Antigravity Github folder/Turai-v1/VibePost-Core/server/services/twitter_publisher.ts:62:37)\n    at process.processTicksAndRejections (node:internal/process/task_queues:105:5)\n    at async postThreadTour (/Users/paulg/Documents/Antigravity Github folder/Turai-v1/VibePost-Core/server/services/thread_tour.ts:560:30)\n    at async <anonymous> (/Users/paulg/Documents/Antigravity Github folder/Turai-v1/VibePost-Core/server/routes.ts:1021:22)","message":"Failed to download image: Forbidden"}
2025-12-20T17:41:53.529Z - Error: {"stack":"Error: Cannot use a pool after calling end on the pool\n    at file:///Users/paulg/Documents/Antigravity%20Github%20folder/Turai-v1/VibePost-Core/node_modules/@neondatabase/serverless/index.mjs:1345:74\n    at async NeonPreparedQuery.execute (/Users/paulg/Documents/Antigravity Github folder/Turai-v1/VibePost-Core/node_modules/src/neon-serverless/session.ts:102:18)\n    at async DatabaseStorage.getPlatformConnection (/Users/paulg/Documents/Antigravity Github folder/Turai-v1/VibePost-Core/server/storage.ts:489:26)\n    at async publishDraft (/Users/paulg/Documents/Antigravity Github folder/Turai-v1/VibePost-Core/server/services/twitter_publisher.ts:26:35)\n    at async postThreadTour (/Users/paulg/Documents/Antigravity Github folder/Turai-v1/VibePost-Core/server/services/thread_tour.ts:707:27)\n    at async <anonymous> (/Users/paulg/Documents/Antigravity Github folder/Turai-v1/VibePost-Core/server/routes.ts:1163:22)","message":"Cannot use a pool after calling end on the pool"}
[2026-01-05T20:12:23.426Z] - Error: {"length":115,"name":"error","severity":"ERROR","code":"42P01","position":"334","file":"parse_relation.c","line":"1449","routine":"parserOpenTable"}
error: relation "postcard_drafts" does not exist
    at file:///home/runner/workspace/node_modules/@neondatabase/serverless/index.mjs:1345:74
    at process.processTicksAndRejections (node:internal/process/task_queues:95:5)
    at async NeonPreparedQuery.execute (/home/runner/workspace/node_modules/src/neon-serverless/session.ts:102:18)
    at async DatabaseStorage.getPostcardDrafts (/home/runner/workspace/server/storage.ts:668:12)
    at async <anonymous> (/home/runner/workspace/server/routes.ts:2565:22)
[2026-01-05T20:12:54.148Z] - Error: {"length":115,"name":"error","severity":"ERROR","code":"42P01","position":"334","file":"parse_relation.c","line":"1449","routine":"parserOpenTable"}
error: relation "postcard_drafts" does not exist
    at file:///home/runner/workspace/node_modules/@neondatabase/serverless/index.mjs:1345:74
    at process.processTicksAndRejections (node:internal/process/task_queues:95:5)
    at async NeonPreparedQuery.execute (/home/runner/workspace/node_modules/src/neon-serverless/session.ts:102:18)
    at async DatabaseStorage.getPostcardDrafts (/home/runner/workspace/server/storage.ts:668:12)
    at async <anonymous> (/home/runner/workspace/server/routes.ts:2565:22)
2026-01-10T02:46:14.648Z - Error: {"stack":"Error: Unsupported image format (must be HTTP URL or Data URI)\n    at publishDraft (/home/runner/workspace/server/services/twitter_publisher.ts:79:19)\n    at process.processTicksAndRejections (node:internal/process/task_queues:95:5)\n    at async <anonymous> (/home/runner/workspace/server/routes.ts:3060:26)","message":"Unsupported image format (must be HTTP URL or Data URI)"}
2026-01-10T02:46:14.934Z - Error: {"stack":"Error: Unsupported image format (must be HTTP URL or Data URI)\n    at publishDraft (/home/runner/workspace/server/services/twitter_publisher.ts:79:19)\n    at process.processTicksAndRejections (node:internal/process/task_queues:95:5)\n    at async <anonymous> (/home/runner/workspace/server/routes.ts:3060:26)","message":"Unsupported image format (must be HTTP URL or Data URI)"}
2026-01-10T02:46:15.217Z - Error: {"stack":"Error: Unsupported image format (must be HTTP URL or Data URI)\n    at publishDraft (/home/runner/workspace/server/services/twitter_publisher.ts:79:19)\n    at process.processTicksAndRejections (node:internal/process/task_queues:95:5)\n    at async <anonymous> (/home/runner/workspace/server/routes.ts:3060:26)","message":"Unsupported image format (must be HTTP URL or Data URI)"}
2026-01-10T02:46:15.503Z - Error: {"stack":"Error: Unsupported image format (must be HTTP URL or Data URI)\n    at publishDraft (/home/runner/workspace/server/services/twitter_publisher.ts:79:19)\n    at process.processTicksAndRejections (node:internal/process/task_queues:95:5)\n    at async <anonymous> (/home/runner/workspace/server/routes.ts:3060:26)","message":"Unsupported image format (must be HTTP URL or Data URI)"}
2026-01-10T02:46:15.794Z - Error: {"stack":"Error: Unsupported image format (must be HTTP URL or Data URI)\n    at publishDraft (/home/runner/workspace/server/services/twitter_publisher.ts:79:19)\n    at process.processTicksAndRejections (node:internal/process/task_queues:95:5)\n    at async <anonymous> (/home/runner/workspace/server/routes.ts:3060:26)","message":"Unsupported image format (must be HTTP URL or Data URI)"}
2026-01-10T02:46:16.079Z - Error: {"stack":"Error: Unsupported image format (must be HTTP URL or Data URI)\n    at publishDraft (/home/runner/workspace/server/services/twitter_publisher.ts:79:19)\n    at process.processTicksAndRejections (node:internal/process/task_queues:95:5)\n    at async <anonymous> (/home/runner/workspace/server/routes.ts:3060:26)","message":"Unsupported image format (must be HTTP URL or Data URI)"}
2026-01-10T02:46:16.566Z - Error: {"stack":"Error: Unsupported image format (must be HTTP URL or Data URI)\n    at publishDraft (/home/runner/workspace/server/services/twitter_publisher.ts:79:19)\n    at process.processTicksAndRejections (node:internal/process/task_queues:95:5)\n    at async <anonymous> (/home/runner/workspace/server/routes.ts:3060:26)","message":"Unsupported image format (must be HTTP URL or Data URI)"}
2026-01-10T02:46:16.849Z - Error: {"stack":"Error: Unsupported image format (must be HTTP URL or Data URI)\n    at publishDraft (/home/runner/workspace/server/services/twitter_publisher.ts:79:19)\n    at process.processTicksAndRejections (node:internal/process/task_queues:95:5)\n    at async <anonymous> (/home/runner/workspace/server/routes.ts:3060:26)","message":"Unsupported image format (must be HTTP URL or Data URI)"}
2026-01-10T02:46:17.136Z - Error: {"stack":"Error: Unsupported image format (must be HTTP URL or Data URI)\n    at publishDraft (/home/runner/workspace/server/services/twitter_publisher.ts:79:19)\n    at process.processTicksAndRejections (node:internal/process/task_queues:95:5)\n    at async <anonymous> (/home/runner/workspace/server/routes.ts:3060:26)","message":"Unsupported image format (must be HTTP URL or Data URI)"}
2026-01-10T02:46:17.421Z - Error: {"stack":"Error: Unsupported image format (must be HTTP URL or Data URI)\n    at publishDraft (/home/runner/workspace/server/services/twitter_publisher.ts:79:19)\n    at process.processTicksAndRejections (node:internal/process/task_queues:95:5)\n    at async <anonymous> (/home/runner/workspace/server/routes.ts:3060:26)","message":"Unsupported image format (must be HTTP URL or Data URI)"}
2026-01-10T03:05:48.119Z - Error: {"stack":"Error: Unsupported image format (must be HTTP URL or Data URI)\n    at publishDraft (/home/runner/workspace/server/services/twitter_publisher.ts:79:19)\n    at process.processTicksAndRejections (node:internal/process/task_queues:95:5)\n    at async <anonymous> (/home/runner/workspace/server/routes.ts:3060:26)","message":"Unsupported image format (must be HTTP URL or Data URI)"}
2026-01-10T03:05:51.354Z - Error: {"stack":"Error: Unsupported image format (must be HTTP URL or Data URI)\n    at publishDraft (/home/runner/workspace/server/services/twitter_publisher.ts:79:19)\n    at process.processTicksAndRejections (node:internal/process/task_queues:95:5)\n    at async <anonymous> (/home/runner/workspace/server/routes.ts:3060:26)","message":"Unsupported image format (must be HTTP URL or Data URI)"}
2026-01-10T03:05:54.592Z - Error: {"stack":"Error: Unsupported image format (must be HTTP URL or Data URI)\n    at publishDraft (/home/runner/workspace/server/services/twitter_publisher.ts:79:19)\n    at process.processTicksAndRejections (node:internal/process/task_queues:95:5)\n    at async <anonymous> (/home/runner/workspace/server/routes.ts:3060:26)","message":"Unsupported image format (must be HTTP URL or Data URI)"}
2026-01-10T03:05:57.821Z - Error: {"stack":"Error: Unsupported image format (must be HTTP URL or Data URI)\n    at publishDraft (/home/runner/workspace/server/services/twitter_publisher.ts:79:19)\n    at process.processTicksAndRejections (node:internal/process/task_queues:95:5)\n    at async <anonymous> (/home/runner/workspace/server/routes.ts:3060:26)","message":"Unsupported image format (must be HTTP URL or Data URI)"}
2026-01-10T03:06:01.059Z - Error: {"stack":"Error: Unsupported image format (must be HTTP URL or Data URI)\n    at publishDraft (/home/runner/workspace/server/services/twitter_publisher.ts:79:19)\n    at process.processTicksAndRejections (node:internal/process/task_queues:95:5)\n    at async <anonymous> (/home/runner/workspace/server/routes.ts:3060:26)","message":"Unsupported image format (must be HTTP URL or Data URI)"}
2026-01-10T03:06:04.527Z - Error: {"stack":"Error: Unsupported image format (must be HTTP URL or Data URI)\n    at publishDraft (/home/runner/workspace/server/services/twitter_publisher.ts:79:19)\n    at process.processTicksAndRejections (node:internal/process/task_queues:95:5)\n    at async <anonymous> (/home/runner/workspace/server/routes.ts:3060:26)","message":"Unsupported image format (must be HTTP URL or Data URI)"}
2026-01-10T03:06:07.766Z - Error: {"stack":"Error: Unsupported image format (must be HTTP URL or Data URI)\n    at publishDraft (/home/runner/workspace/server/services/twitter_publisher.ts:79:19)\n    at process.processTicksAndRejections (node:internal/process/task_queues:95:5)\n    at async <anonymous> (/home/runner/workspace/server/routes.ts:3060:26)","message":"Unsupported image format (must be HTTP URL or Data URI)"}
2026-01-10T03:06:10.997Z - Error: {"stack":"Error: Unsupported image format (must be HTTP URL or Data URI)\n    at publishDraft (/home/runner/workspace/server/services/twitter_publisher.ts:79:19)\n    at process.processTicksAndRejections (node:internal/process/task_queues:95:5)\n    at async <anonymous> (/home/runner/workspace/server/routes.ts:3060:26)","message":"Unsupported image format (must be HTTP URL or Data URI)"}
2026-01-10T03:06:14.249Z - Error: {"stack":"Error: Unsupported image format (must be HTTP URL or Data URI)\n    at publishDraft (/home/runner/workspace/server/services/twitter_publisher.ts:79:19)\n    at process.processTicksAndRejections (node:internal/process/task_queues:95:5)\n    at async <anonymous> (/home/runner/workspace/server/routes.ts:3060:26)","message":"Unsupported image format (must be HTTP URL or Data URI)"}
2026-01-10T03:06:17.497Z - Error: {"stack":"Error: Unsupported image format (must be HTTP URL or Data URI)\n    at publishDraft (/home/runner/workspace/server/services/twitter_publisher.ts:79:19)\n    at process.processTicksAndRejections (node:internal/process/task_queues:95:5)\n    at async <anonymous> (/home/runner/workspace/server/routes.ts:3060:26)","message":"Unsupported image format (must be HTTP URL or Data URI)"}
2026-01-10T03:26:03.846Z - Error: {"stack":"Error: Unsupported image format (must be HTTP URL or Data URI)\n    at publishDraft (/home/runner/workspace/server/services/twitter_publisher.ts:79:19)\n    at process.processTicksAndRejections (node:internal/process/task_queues:95:5)\n    at async <anonymous> (/home/runner/workspace/server/routes.ts:3060:26)","message":"Unsupported image format (must be HTTP URL or Data URI)"}
2026-01-10T03:26:07.084Z - Error: {"stack":"Error: Unsupported image format (must be HTTP URL or Data URI)\n    at publishDraft (/home/runner/workspace/server/services/twitter_publisher.ts:79:19)\n    at process.processTicksAndRejections (node:internal/process/task_queues:95:5)\n    at async <anonymous> (/home/runner/workspace/server/routes.ts:3060:26)","message":"Unsupported image format (must be HTTP URL or Data URI)"}
2026-01-10T03:26:10.324Z - Error: {"stack":"Error: Unsupported image format (must be HTTP URL or Data URI)\n    at publishDraft (/home/runner/workspace/server/services/twitter_publisher.ts:79:19)\n    at process.processTicksAndRejections (node:internal/process/task_queues:95:5)\n    at async <anonymous> (/home/runner/workspace/server/routes.ts:3060:26)","message":"Unsupported image format (must be HTTP URL or Data URI)"}
2026-01-10T03:26:13.622Z - Error: {"stack":"Error: Unsupported image format (must be HTTP URL or Data URI)\n    at publishDraft (/home/runner/workspace/server/services/twitter_publisher.ts:79:19)\n    at process.processTicksAndRejections (node:internal/process/task_queues:95:5)\n    at async <anonymous> (/home/runner/workspace/server/routes.ts:3060:26)","message":"Unsupported image format (must be HTTP URL or Data URI)"}
2026-01-10T03:26:16.913Z - Error: {"stack":"Error: Unsupported image format (must be HTTP URL or Data URI)\n    at publishDraft (/home/runner/workspace/server/services/twitter_publisher.ts:79:19)\n    at process.processTicksAndRejections (node:internal/process/task_queues:95:5)\n    at async <anonymous> (/home/runner/workspace/server/routes.ts:3060:26)","message":"Unsupported image format (must be HTTP URL or Data URI)"}
2026-01-10T03:26:20.152Z - Error: {"stack":"Error: Unsupported image format (must be HTTP URL or Data URI)\n    at publishDraft (/home/runner/workspace/server/services/twitter_publisher.ts:79:19)\n    at process.processTicksAndRejections (node:internal/process/task_queues:95:5)\n    at async <anonymous> (/home/runner/workspace/server/routes.ts:3060:26)","message":"Unsupported image format (must be HTTP URL or Data URI)"}
2026-01-10T03:26:23.387Z - Error: {"stack":"Error: Unsupported image format (must be HTTP URL or Data URI)\n    at publishDraft (/home/runner/workspace/server/services/twitter_publisher.ts:79:19)\n    at process.processTicksAndRejections (node:internal/process/task_queues:95:5)\n    at async <anonymous> (/home/runner/workspace/server/routes.ts:3060:26)","message":"Unsupported image format (must be HTTP URL or Data URI)"}
2026-01-10T03:26:26.619Z - Error: {"stack":"Error: Unsupported image format (must be HTTP URL or Data URI)\n    at publishDraft (/home/runner/workspace/server/services/twitter_publisher.ts:79:19)\n    at process.processTicksAndRejections (node:internal/process/task_queues:95:5)\n    at async <anonymous> (/home/runner/workspace/server/routes.ts:3060:26)","message":"Unsupported image format (must be HTTP URL or Data URI)"}
2026-01-10T03:26:29.915Z - Error: {"stack":"Error: Unsupported image format (must be HTTP URL or Data URI)\n    at publishDraft (/home/runner/workspace/server/services/twitter_publisher.ts:79:19)\n    at process.processTicksAndRejections (node:internal/process/task_queues:95:5)\n    at async <anonymous> (/home/runner/workspace/server/routes.ts:3060:26)","message":"Unsupported image format (must be HTTP URL or Data URI)"}
2026-01-10T03:26:33.152Z - Error: {"stack":"Error: Unsupported image format (must be HTTP URL or Data URI)\n    at publishDraft (/home/runner/workspace/server/services/twitter_publisher.ts:79:19)\n    at process.processTicksAndRejections (node:internal/process/task_queues:95:5)\n    at async <anonymous> (/home/runner/workspace/server/routes.ts:3060:26)","message":"Unsupported image format (must be HTTP URL or Data URI)"}
2026-01-10T18:41:45.980Z - Error: {"error":{"type":"about:blank"},"type":"response","code":403,"headers":{},"rateLimit":{}}
2026-01-10T18:41:45.981Z - API Data: {"detail":"You cannot quote Tweet a Tweet that has been edited.","type":"about:blank","title":"Forbidden","status":403}
[2026-01-26T14:43:50.868Z] - Error: {}
Error: Connection terminated unexpectedly
    at file:///home/runner/workspace/node_modules/@neondatabase/serverless/index.mjs:1345:74
    at process.processTicksAndRejections (node:internal/process/task_queues:95:5)
    at async NeonPreparedQuery.execute (/home/runner/workspace/node_modules/src/neon-serverless/session.ts:102:18)
    at async DatabaseStorage.getPostcardDrafts (/home/runner/workspace/server/storage.ts:668:12)
    at async <anonymous> (/home/runner/workspace/server/routes.ts:3261:22)
[2026-01-26T16:30:36.188Z] - Error: {}
Error: Connection terminated unexpectedly
    at file:///home/runner/workspace/node_modules/@neondatabase/serverless/index.mjs:1345:74
    at process.processTicksAndRejections (node:internal/process/task_queues:95:5)
    at async NeonPreparedQuery.execute (/home/runner/workspace/node_modules/src/neon-serverless/session.ts:102:18)
    at async DatabaseStorage.getPostcardDrafts (/home/runner/workspace/server/storage.ts:668:12)
    at async <anonymous> (/home/runner/workspace/server/routes.ts:3303:22)
2026-01-26T23:46:03.066Z - Error: {"error":{"type":"about:blank"},"type":"response","code":429,"headers":{},"rateLimit":{}}
2026-01-26T23:46:03.218Z - API Data: {"title":"Too Many Requests","detail":"Too Many Requests","type":"about:blank","status":429}
2026-01-26T23:46:03.284Z - Error: {"error":{"type":"about:blank"},"type":"response","code":429,"headers":{},"rateLimit":{}}
2026-01-26T23:46:03.284Z - API Data: {"title":"Too Many Requests","detail":"Too Many Requests","type":"about:blank","status":429}
2026-01-26T23:46:09.008Z - Error: {"error":{"type":"about:blank"},"type":"response","code":429,"headers":{},"rateLimit":{}}
2026-01-26T23:46:09.008Z - API Data: {"title":"Too Many Requests","detail":"Too Many Requests","type":"about:blank","status":429}
2026-01-26T23:46:09.527Z - Error: {"error":{"type":"about:blank"},"type":"response","code":429,"headers":{},"rateLimit":{}}
2026-01-26T23:46:09.527Z - API Data: {"title":"Too Many Requests","detail":"Too Many Requests","type":"about:blank","status":429}
2026-01-26T23:46:14.862Z - Error: {"error":{"type":"about:blank"},"type":"response","code":429,"headers":{},"rateLimit":{}}
2026-01-26T23:46:14.862Z - API Data: {"title":"Too Many Requests","detail":"Too Many Requests","type":"about:blank","status":429}
2026-01-26T23:46:15.223Z - Error: {"error":{"type":"about:blank"},"type":"response","code":429,"headers":{},"rateLimit":{}}
2026-01-26T23:46:15.223Z - API Data: {"title":"Too Many Requests","detail":"Too Many Requests","type":"about:blank","status":429}
2026-01-26T23:46:21.120Z - Error: {"error":{"type":"about:blank"},"type":"response","code":429,"headers":{},"rateLimit":{}}
2026-01-26T23:46:21.120Z - API Data: {"title":"Too Many Requests","detail":"Too Many Requests","type":"about:blank","status":429}
2026-01-26T23:46:21.626Z - Error: {"error":{"type":"about:blank"},"type":"response","code":429,"headers":{},"rateLimit":{}}
2026-01-26T23:46:21.626Z - API Data: {"title":"Too Many Requests","detail":"Too Many Requests","type":"about:blank","status":429}
2026-01-26T23:46:27.708Z - Error: {"error":{"type":"about:blank"},"type":"response","code":429,"headers":{},"rateLimit":{}}
2026-01-26T23:46:27.708Z - API Data: {"title":"Too Many Requests","detail":"Too Many Requests","type":"about:blank","status":429}
2026-01-26T23:46:28.574Z - Error: {"error":{"type":"about:blank"},"type":"response","code":429,"headers":{},"rateLimit":{}}
2026-01-26T23:46:28.575Z - API Data: {"title":"Too Many Requests","detail":"Too Many Requests","type":"about:blank","status":429}
2026-01-26T23:46:33.505Z - Error: {"error":{"type":"about:blank"},"type":"response","code":429,"headers":{},"rateLimit":{}}
2026-01-26T23:46:33.505Z - API Data: {"title":"Too Many Requests","detail":"Too Many Requests","type":"about:blank","status":429}
2026-01-26T23:46:34.620Z - Error: {"error":{"type":"about:blank"},"type":"response","code":429,"headers":{},"rateLimit":{}}
2026-01-26T23:46:34.621Z - API Data: {"title":"Too Many Requests","detail":"Too Many Requests","type":"about:blank","status":429}
2026-01-26T23:46:40.417Z - Error: {"error":{"type":"about:blank"},"type":"response","code":429,"headers":{},"rateLimit":{}}
2026-01-26T23:46:40.419Z - API Data: {"title":"Too Many Requests","detail":"Too Many Requests","type":"about:blank","status":429}
2026-01-26T23:46:40.464Z - Error: {"error":{"type":"about:blank"},"type":"response","code":429,"headers":{},"rateLimit":{}}
2026-01-26T23:46:40.464Z - API Data: {"title":"Too Many Requests","detail":"Too Many Requests","type":"about:blank","status":429}
2026-01-26T23:46:45.412Z - Error: {"error":{"type":"about:blank"},"type":"response","code":429,"headers":{},"rateLimit":{}}
2026-01-26T23:46:45.413Z - API Data: {"title":"Too Many Requests","detail":"Too Many Requests","type":"about:blank","status":429}
2026-01-26T23:46:46.152Z - Error: {"error":{"type":"about:blank"},"type":"response","code":429,"headers":{},"rateLimit":{}}
2026-01-26T23:46:46.152Z - API Data: {"title":"Too Many Requests","detail":"Too Many Requests","type":"about:blank","status":429}
2026-01-26T23:46:51.287Z - Error: {"error":{"type":"about:blank"},"type":"response","code":429,"headers":{},"rateLimit":{}}
2026-01-26T23:46:51.287Z - API Data: {"title":"Too Many Requests","detail":"Too Many Requests","type":"about:blank","status":429}
2026-01-26T23:46:51.954Z - Error: {"error":{"type":"about:blank"},"type":"response","code":429,"headers":{},"rateLimit":{}}
2026-01-26T23:46:51.954Z - API Data: {"title":"Too Many Requests","detail":"Too Many Requests","type":"about:blank","status":429}
2026-01-26T23:46:59.172Z - Error: {"error":{"type":"about:blank"},"type":"response","code":429,"headers":{},"rateLimit":{}}
2026-01-26T23:46:59.172Z - API Data: {"title":"Too Many Requests","detail":"Too Many Requests","type":"about:blank","status":429}
2026-01-26T23:46:59.636Z - Error: {"error":{"type":"about:blank"},"type":"response","code":429,"headers":{},"rateLimit":{}}
2026-01-26T23:46:59.636Z - API Data: {"title":"Too Many Requests","detail":"Too Many Requests","type":"about:blank","status":429}
2026-01-26T23:47:07.422Z - Error: {"error":{"type":"about:blank"},"type":"response","code":429,"headers":{},"rateLimit":{}}
2026-01-26T23:47:07.422Z - API Data: {"title":"Too Many Requests","detail":"Too Many Requests","type":"about:blank","status":429}
2026-01-26T23:47:07.849Z - Error: {"error":{"type":"about:blank"},"type":"response","code":429,"headers":{},"rateLimit":{}}
2026-01-26T23:47:07.849Z - API Data: {"title":"Too Many Requests","detail":"Too Many Requests","type":"about:blank","status":429}
2026-01-26T23:47:15.426Z - Error: {"error":{"type":"about:blank"},"type":"response","code":429,"headers":{},"rateLimit":{}}
2026-01-26T23:47:15.426Z - API Data: {"title":"Too Many Requests","detail":"Too Many Requests","type":"about:blank","status":429}
2026-01-26T23:47:16.064Z - Error: {"error":{"type":"about:blank"},"type":"response","code":429,"headers":{},"rateLimit":{}}
2026-01-26T23:47:16.065Z - API Data: {"title":"Too Many Requests","detail":"Too Many Requests","type":"about:blank","status":429}
2026-01-26T23:47:22.425Z - Error: {"error":{"type":"about:blank"},"type":"response","code":429,"headers":{},"rateLimit":{}}
2026-01-26T23:47:22.425Z - API Data: {"title":"Too Many Requests","detail":"Too Many Requests","type":"about:blank","status":429}
2026-01-26T23:47:23.587Z - Error: {"error":{"type":"about:blank"},"type":"response","code":429,"headers":{},"rateLimit":{}}
2026-01-26T23:47:23.588Z - API Data: {"title":"Too Many Requests","detail":"Too Many Requests","type":"about:blank","status":429}
2026-01-26T23:47:29.823Z - Error: {"error":{"type":"about:blank"},"type":"response","code":429,"headers":{},"rateLimit":{}}
2026-01-26T23:47:29.823Z - API Data: {"title":"Too Many Requests","detail":"Too Many Requests","type":"about:blank","status":429}
2026-01-26T23:47:31.113Z - Error: {"error":{"type":"about:blank"},"type":"response","code":429,"headers":{},"rateLimit":{}}
2026-01-26T23:47:31.113Z - API Data: {"title":"Too Many Requests","detail":"Too Many Requests","type":"about:blank","status":429}
2026-01-26T23:47:37.818Z - Error: {"error":{"type":"about:blank"},"type":"response","code":429,"headers":{},"rateLimit":{}}
2026-01-26T23:47:37.818Z - API Data: {"title":"Too Many Requests","detail":"Too Many Requests","type":"about:blank","status":429}
2026-01-26T23:47:38.757Z - Error: {"error":{"type":"about:blank"},"type":"response","code":429,"headers":{},"rateLimit":{}}
2026-01-26T23:47:38.757Z - API Data: {"title":"Too Many Requests","detail":"Too Many Requests","type":"about:blank","status":429}
2026-01-26T23:47:45.334Z - Error: {"error":{"type":"about:blank"},"type":"response","code":429,"headers":{},"rateLimit":{}}
2026-01-26T23:47:45.334Z - API Data: {"title":"Too Many Requests","detail":"Too Many Requests","type":"about:blank","status":429}
2026-01-26T23:47:45.400Z - Error: {"error":{"type":"about:blank"},"type":"response","code":429,"headers":{},"rateLimit":{}}
2026-01-26T23:47:45.400Z - API Data: {"title":"Too Many Requests","detail":"Too Many Requests","type":"about:blank","status":429}
2026-01-26T23:47:51.023Z - Error: {"error":{"type":"about:blank"},"type":"response","code":429,"headers":{},"rateLimit":{}}
2026-01-26T23:47:51.024Z - API Data: {"title":"Too Many Requests","detail":"Too Many Requests","type":"about:blank","status":429}
2026-01-26T23:47:51.331Z - Error: {"error":{"type":"about:blank"},"type":"response","code":429,"headers":{},"rateLimit":{}}
2026-01-26T23:47:51.331Z - API Data: {"title":"Too Many Requests","detail":"Too Many Requests","type":"about:blank","status":429}
2026-01-26T23:47:56.775Z - Error: {"error":{"type":"about:blank"},"type":"response","code":429,"headers":{},"rateLimit":{}}
2026-01-26T23:47:56.775Z - API Data: {"title":"Too Many Requests","detail":"Too Many Requests","type":"about:blank","status":429}
2026-01-26T23:47:57.035Z - Error: {"error":{"type":"about:blank"},"type":"response","code":429,"headers":{},"rateLimit":{}}
2026-01-26T23:47:57.035Z - API Data: {"title":"Too Many Requests","detail":"Too Many Requests","type":"about:blank","status":429}
2026-01-26T23:48:01.477Z - Error: {"error":{"type":"about:blank"},"type":"response","code":429,"headers":{},"rateLimit":{}}
2026-01-26T23:48:01.477Z - API Data: {"title":"Too Many Requests","detail":"Too Many Requests","type":"about:blank","status":429}
2026-01-26T23:48:02.757Z - Error: {"error":{"type":"about:blank"},"type":"response","code":429,"headers":{},"rateLimit":{}}
2026-01-26T23:48:02.757Z - API Data: {"title":"Too Many Requests","detail":"Too Many Requests","type":"about:blank","status":429}
2026-01-26T23:48:06.348Z - Error: {"error":{"type":"about:blank"},"type":"response","code":429,"headers":{},"rateLimit":{}}
2026-01-26T23:48:06.348Z - API Data: {"title":"Too Many Requests","detail":"Too Many Requests","type":"about:blank","status":429}
2026-01-26T23:48:08.897Z - Error: {"error":{"type":"about:blank"},"type":"response","code":429,"headers":{},"rateLimit":{}}
2026-01-26T23:48:08.897Z - API Data: {"title":"Too Many Requests","detail":"Too Many Requests","type":"about:blank","status":429}
2026-01-26T23:48:12.426Z - Error: {"error":{"type":"about:blank"},"type":"response","code":429,"headers":{},"rateLimit":{}}
2026-01-26T23:48:12.426Z - API Data: {"title":"Too Many Requests","detail":"Too Many Requests","type":"about:blank","status":429}
2026-01-26T23:48:19.227Z - Error: {"error":{"type":"about:blank"},"type":"response","code":429,"headers":{},"rateLimit":{}}
2026-01-26T23:48:19.227Z - API Data: {"title":"Too Many Requests","detail":"Too Many Requests","type":"about:blank","status":429}
2026-01-26T23:48:19.267Z - Error: {"error":{"type":"about:blank"},"type":"response","code":429,"headers":{},"rateLimit":{}}
2026-01-26T23:48:19.267Z - API Data: {"title":"Too Many Requests","detail":"Too Many Requests","type":"about:blank","status":429}
2026-01-26T23:48:25.018Z - Error: {"error":{"type":"about:blank"},"type":"response","code":429,"headers":{},"rateLimit":{}}
2026-01-26T23:48:25.018Z - API Data: {"title":"Too Many Requests","detail":"Too Many Requests","type":"about:blank","status":429}
2026-01-26T23:48:25.181Z - Error: {"error":{"type":"about:blank"},"type":"response","code":429,"headers":{},"rateLimit":{}}
2026-01-26T23:48:25.181Z - API Data: {"title":"Too Many Requests","detail":"Too Many Requests","type":"about:blank","status":429}
2026-01-26T23:48:30.450Z - Error: {"error":{"type":"about:blank"},"type":"response","code":429,"headers":{},"rateLimit":{}}
2026-01-26T23:48:30.450Z - API Data: {"title":"Too Many Requests","detail":"Too Many Requests","type":"about:blank","status":429}
2026-01-26T23:48:30.775Z - Error: {"error":{"type":"about:blank"},"type":"response","code":429,"headers":{},"rateLimit":{}}
2026-01-26T23:48:30.775Z - API Data: {"title":"Too Many Requests","detail":"Too Many Requests","type":"about:blank","status":429}
2026-01-26T23:48:36.445Z - Error: {"error":{"type":"about:blank"},"type":"response","code":429,"headers":{},"rateLimit":{}}
2026-01-26T23:48:36.445Z - API Data: {"title":"Too Many Requests","detail":"Too Many Requests","type":"about:blank","status":429}
2026-01-26T23:48:36.639Z - Error: {"error":{"type":"about:blank"},"type":"response","code":429,"headers":{},"rateLimit":{}}
2026-01-26T23:48:36.639Z - API Data: {"title":"Too Many Requests","detail":"Too Many Requests","type":"about:blank","status":429}
2026-01-26T23:48:42.382Z - Error: {"error":{"type":"about:blank"},"type":"response","code":429,"headers":{},"rateLimit":{}}
2026-01-26T23:48:42.382Z - API Data: {"title":"Too Many Requests","detail":"Too Many Requests","type":"about:blank","status":429}
2026-01-26T23:48:43.451Z - Error: {"error":{"type":"about:blank"},"type":"response","code":429,"headers":{},"rateLimit":{}}
2026-01-26T23:48:43.451Z - API Data: {"title":"Too Many Requests","detail":"Too Many Requests","type":"about:blank","status":429}
2026-01-26T23:48:48.560Z - Error: {"error":{"type":"about:blank"},"type":"response","code":429,"headers":{},"rateLimit":{}}
2026-01-26T23:48:48.560Z - API Data: {"title":"Too Many Requests","detail":"Too Many Requests","type":"about:blank","status":429}
2026-01-26T23:48:49.258Z - Error: {"error":{"type":"about:blank"},"type":"response","code":429,"headers":{},"rateLimit":{}}
2026-01-26T23:48:49.259Z - API Data: {"title":"Too Many Requests","detail":"Too Many Requests","type":"about:blank","status":429}
2026-01-26T23:48:53.271Z - Error: {"error":{"type":"about:blank"},"type":"response","code":429,"headers":{},"rateLimit":{}}
2026-01-26T23:48:53.271Z - API Data: {"title":"Too Many Requests","detail":"Too Many Requests","type":"about:blank","status":429}
2026-01-26T23:48:55.465Z - Error: {"error":{"type":"about:blank"},"type":"response","code":429,"headers":{},"rateLimit":{}}
2026-01-26T23:48:55.465Z - API Data: {"title":"Too Many Requests","detail":"Too Many Requests","type":"about:blank","status":429}
2026-01-26T23:48:59.185Z - Error: {"error":{"type":"about:blank"},"type":"response","code":429,"headers":{},"rateLimit":{}}
2026-01-26T23:48:59.186Z - API Data: {"title":"Too Many Requests","detail":"Too Many Requests","type":"about:blank","status":429}
2026-01-26T23:49:01.209Z - Error: {"error":{"type":"about:blank"},"type":"response","code":429,"headers":{},"rateLimit":{}}
2026-01-26T23:49:01.209Z - API Data: {"title":"Too Many Requests","detail":"Too Many Requests","type":"about:blank","status":429}
2026-01-26T23:49:04.932Z - Error: {"error":{"type":"about:blank"},"type":"response","code":429,"headers":{},"rateLimit":{}}
2026-01-26T23:49:04.932Z - API Data: {"title":"Too Many Requests","detail":"Too Many Requests","type":"about:blank","status":429}
2026-01-26T23:49:07.041Z - Error: {"error":{"type":"about:blank"},"type":"response","code":429,"headers":{},"rateLimit":{}}
2026-01-26T23:49:07.041Z - API Data: {"title":"Too Many Requests","detail":"Too Many Requests","type":"about:blank","status":429}
2026-01-26T23:49:10.773Z - Error: {"error":{"type":"about:blank"},"type":"response","code":429,"headers":{},"rateLimit":{}}
2026-01-26T23:49:10.774Z - API Data: {"title":"Too Many Requests","detail":"Too Many Requests","type":"about:blank","status":429}
2026-01-26T23:49:12.757Z - Error: {"error":{"type":"about:blank"},"type":"response","code":429,"headers":{},"rateLimit":{}}
2026-01-26T23:49:12.757Z - API Data: {"title":"Too Many Requests","detail":"Too Many Requests","type":"about:blank","status":429}
2026-01-26T23:49:16.646Z - Error: {"error":{"type":"about:blank"},"type":"response","code":429,"headers":{},"rateLimit":{}}
2026-01-26T23:49:16.646Z - API Data: {"title":"Too Many Requests","detail":"Too Many Requests","type":"about:blank","status":429}
2026-01-26T23:49:18.824Z - Error: {"error":{"type":"about:blank"},"type":"response","code":429,"headers":{},"rateLimit":{}}
2026-01-26T23:49:18.824Z - API Data: {"title":"Too Many Requests","detail":"Too Many Requests","type":"about:blank","status":429}
2026-01-26T23:49:22.425Z - Error: {"error":{"type":"about:blank"},"type":"response","code":429,"headers":{},"rateLimit":{}}
2026-01-26T23:49:22.425Z - API Data: {"title":"Too Many Requests","detail":"Too Many Requests","type":"about:blank","status":429}
2026-01-26T23:49:24.642Z - Error: {"error":{"type":"about:blank"},"type":"response","code":429,"headers":{},"rateLimit":{}}
2026-01-26T23:49:24.642Z - API Data: {"title":"Too Many Requests","detail":"Too Many Requests","type":"about:blank","status":429}
2026-01-26T23:49:28.259Z - Error: {"error":{"type":"about:blank"},"type":"response","code":429,"headers":{},"rateLimit":{}}
2026-01-26T23:49:28.260Z - API Data: {"title":"Too Many Requests","detail":"Too Many Requests","type":"about:blank","status":429}
2026-01-26T23:49:30.381Z - Error: {"error":{"type":"about:blank"},"type":"response","code":429,"headers":{},"rateLimit":{}}
2026-01-26T23:49:30.381Z - API Data: {"title":"Too Many Requests","detail":"Too Many Requests","type":"about:blank","status":429}
2026-01-26T23:49:33.962Z - Error: {"error":{"type":"about:blank"},"type":"response","code":429,"headers":{},"rateLimit":{}}
2026-01-26T23:49:33.962Z - API Data: {"title":"Too Many Requests","detail":"Too Many Requests","type":"about:blank","status":429}
2026-01-26T23:49:36.535Z - Error: {"error":{"type":"about:blank"},"type":"response","code":429,"headers":{},"rateLimit":{}}
2026-01-26T23:49:36.535Z - API Data: {"title":"Too Many Requests","detail":"Too Many Requests","type":"about:blank","status":429}
2026-01-26T23:49:39.743Z - Error: {"error":{"type":"about:blank"},"type":"response","code":429,"headers":{},"rateLimit":{}}
2026-01-26T23:49:39.743Z - API Data: {"title":"Too Many Requests","detail":"Too Many Requests","type":"about:blank","status":429}
2026-01-26T23:49:42.308Z - Error: {"error":{"type":"about:blank"},"type":"response","code":429,"headers":{},"rateLimit":{}}
2026-01-26T23:49:42.308Z - API Data: {"title":"Too Many Requests","detail":"Too Many Requests","type":"about:blank","status":429}
2026-01-26T23:49:46.123Z - Error: {"error":{"type":"about:blank"},"type":"response","code":429,"headers":{},"rateLimit":{}}
2026-01-26T23:49:46.123Z - API Data: {"title":"Too Many Requests","detail":"Too Many Requests","type":"about:blank","status":429}
2026-01-26T23:49:48.680Z - Error: {"error":{"type":"about:blank"},"type":"response","code":429,"headers":{},"rateLimit":{}}
2026-01-26T23:49:48.680Z - API Data: {"title":"Too Many Requests","detail":"Too Many Requests","type":"about:blank","status":429}
2026-01-26T23:49:51.791Z - Error: {"error":{"type":"about:blank"},"type":"response","code":429,"headers":{},"rateLimit":{}}
2026-01-26T23:49:51.791Z - API Data: {"title":"Too Many Requests","detail":"Too Many Requests","type":"about:blank","status":429}
2026-01-26T23:49:54.496Z - Error: {"error":{"type":"about:blank"},"type":"response","code":429,"headers":{},"rateLimit":{}}
2026-01-26T23:49:54.496Z - API Data: {"title":"Too Many Requests","detail":"Too Many Requests","type":"about:blank","status":429}
2026-01-26T23:49:58.216Z - Error: {"error":{"type":"about:blank"},"type":"response","code":429,"headers":{},"rateLimit":{}}
2026-01-26T23:49:58.216Z - API Data: {"title":"Too Many Requests","detail":"Too Many Requests","type":"about:blank","status":429}
2026-01-26T23:50:00.218Z - Error: {"error":{"type":"about:blank"},"type":"response","code":429,"headers":{},"rateLimit":{}}
2026-01-26T23:50:00.218Z - API Data: {"title":"Too Many Requests","detail":"Too Many Requests","type":"about:blank","status":429}
2026-01-26T23:50:04.450Z - Error: {"error":{"type":"about:blank"},"type":"response","code":429,"headers":{},"rateLimit":{}}
2026-01-26T23:50:04.450Z - API Data: {"title":"Too Many Requests","detail":"Too Many Requests","type":"about:blank","status":429}
2026-01-26T23:50:05.999Z - Error: {"error":{"type":"about:blank"},"type":"response","code":429,"headers":{},"rateLimit":{}}
2026-01-26T23:50:05.999Z - API Data: {"title":"Too Many Requests","detail":"Too Many Requests","type":"about:blank","status":429}
2026-01-26T23:50:09.649Z - Error: {"error":{"type":"about:blank"},"type":"response","code":429,"headers":{},"rateLimit":{}}
2026-01-26T23:50:09.649Z - API Data: {"title":"Too Many Requests","detail":"Too Many Requests","type":"about:blank","status":429}
2026-01-26T23:50:11.751Z - Error: {"error":{"type":"about:blank"},"type":"response","code":429,"headers":{},"rateLimit":{}}
2026-01-26T23:50:11.752Z - API Data: {"title":"Too Many Requests","detail":"Too Many Requests","type":"about:blank","status":429}
2026-01-26T23:50:15.413Z - Error: {"error":{"type":"about:blank"},"type":"response","code":429,"headers":{},"rateLimit":{}}
2026-01-26T23:50:15.413Z - API Data: {"title":"Too Many Requests","detail":"Too Many Requests","type":"about:blank","status":429}
2026-01-26T23:50:17.648Z - Error: {"error":{"type":"about:blank"},"type":"response","code":429,"headers":{},"rateLimit":{}}
2026-01-26T23:50:17.648Z - API Data: {"title":"Too Many Requests","detail":"Too Many Requests","type":"about:blank","status":429}
2026-01-26T23:50:21.306Z - Error: {"error":{"type":"about:blank"},"type":"response","code":429,"headers":{},"rateLimit":{}}
2026-01-26T23:50:21.306Z - API Data: {"title":"Too Many Requests","detail":"Too Many Requests","type":"about:blank","status":429}
2026-01-26T23:50:23.807Z - Error: {"error":{"type":"about:blank"},"type":"response","code":429,"headers":{},"rateLimit":{}}
2026-01-26T23:50:23.807Z - API Data: {"title":"Too Many Requests","detail":"Too Many Requests","type":"about:blank","status":429}
2026-01-26T23:50:27.025Z - Error: {"error":{"type":"about:blank"},"type":"response","code":429,"headers":{},"rateLimit":{}}
2026-01-26T23:50:27.025Z - API Data: {"title":"Too Many Requests","detail":"Too Many Requests","type":"about:blank","status":429}
2026-01-26T23:50:29.512Z - Error: {"error":{"type":"about:blank"},"type":"response","code":429,"headers":{},"rateLimit":{}}
2026-01-26T23:50:29.512Z - API Data: {"title":"Too Many Requests","detail":"Too Many Requests","type":"about:blank","status":429}
2026-01-26T23:50:33.239Z - Error: {"error":{"type":"about:blank"},"type":"response","code":429,"headers":{},"rateLimit":{}}
2026-01-26T23:50:33.239Z - API Data: {"title":"Too Many Requests","detail":"Too Many Requests","type":"about:blank","status":429}
2026-01-26T23:50:35.422Z - Error: {"error":{"type":"about:blank"},"type":"response","code":429,"headers":{},"rateLimit":{}}
2026-01-26T23:50:35.422Z - API Data: {"title":"Too Many Requests","detail":"Too Many Requests","type":"about:blank","status":429}
2026-01-26T23:50:39.161Z - Error: {"error":{"type":"about:blank"},"type":"response","code":429,"headers":{},"rateLimit":{}}
2026-01-26T23:50:39.161Z - API Data: {"title":"Too Many Requests","detail":"Too Many Requests","type":"about:blank","status":429}
2026-01-26T23:50:41.126Z - Error: {"error":{"type":"about:blank"},"type":"response","code":429,"headers":{},"rateLimit":{}}
2026-01-26T23:50:41.126Z - API Data: {"title":"Too Many Requests","detail":"Too Many Requests","type":"about:blank","status":429}
2026-01-26T23:50:45.163Z - Error: {"error":{"type":"about:blank"},"type":"response","code":429,"headers":{},"rateLimit":{}}
2026-01-26T23:50:45.163Z - API Data: {"title":"Too Many Requests","detail":"Too Many Requests","type":"about:blank","status":429}
2026-01-26T23:50:47.932Z - Error: {"error":{"type":"about:blank"},"type":"response","code":429,"headers":{},"rateLimit":{}}
2026-01-26T23:50:47.932Z - API Data: {"title":"Too Many Requests","detail":"Too Many Requests","type":"about:blank","status":429}
2026-01-26T23:50:51.021Z - Error: {"error":{"type":"about:blank"},"type":"response","code":429,"headers":{},"rateLimit":{}}
2026-01-26T23:50:51.021Z - API Data: {"title":"Too Many Requests","detail":"Too Many Requests","type":"about:blank","status":429}
2026-01-26T23:50:53.651Z - Error: {"error":{"type":"about:blank"},"type":"response","code":429,"headers":{},"rateLimit":{}}
2026-01-26T23:50:53.651Z - API Data: {"title":"Too Many Requests","detail":"Too Many Requests","type":"about:blank","status":429}
2026-01-26T23:50:57.324Z - Error: {"error":{"type":"about:blank"},"type":"response","code":429,"headers":{},"rateLimit":{}}
2026-01-26T23:50:57.324Z - API Data: {"title":"Too Many Requests","detail":"Too Many Requests","type":"about:blank","status":429}
2026-01-26T23:50:59.396Z - Error: {"error":{"type":"about:blank"},"type":"response","code":429,"headers":{},"rateLimit":{}}
2026-01-26T23:50:59.396Z - API Data: {"title":"Too Many Requests","detail":"Too Many Requests","type":"about:blank","status":429}
2026-01-26T23:51:03.059Z - Error: {"error":{"type":"about:blank"},"type":"response","code":429,"headers":{},"rateLimit":{}}
2026-01-26T23:51:03.059Z - API Data: {"title":"Too Many Requests","detail":"Too Many Requests","type":"about:blank","status":429}
2026-01-26T23:51:06.150Z - Error: {"error":{"type":"about:blank"},"type":"response","code":429,"headers":{},"rateLimit":{}}
2026-01-26T23:51:06.150Z - API Data: {"title":"Too Many Requests","detail":"Too Many Requests","type":"about:blank","status":429}
2026-01-26T23:51:08.750Z - Error: {"error":{"type":"about:blank"},"type":"response","code":429,"headers":{},"rateLimit":{}}
2026-01-26T23:51:08.750Z - API Data: {"title":"Too Many Requests","detail":"Too Many Requests","type":"about:blank","status":429}
2026-01-26T23:51:12.252Z - Error: {"error":{"type":"about:blank"},"type":"response","code":429,"headers":{},"rateLimit":{}}
2026-01-26T23:51:12.252Z - API Data: {"title":"Too Many Requests","detail":"Too Many Requests","type":"about:blank","status":429}
2026-01-26T23:51:14.562Z - Error: {"error":{"type":"about:blank"},"type":"response","code":429,"headers":{},"rateLimit":{}}
2026-01-26T23:51:14.562Z - API Data: {"title":"Too Many Requests","detail":"Too Many Requests","type":"about:blank","status":429}
2026-01-26T23:51:18.370Z - Error: {"error":{"type":"about:blank"},"type":"response","code":429,"headers":{},"rateLimit":{}}
2026-01-26T23:51:18.370Z - API Data: {"title":"Too Many Requests","detail":"Too Many Requests","type":"about:blank","status":429}
2026-01-26T23:51:20.821Z - Error: {"error":{"type":"about:blank"},"type":"response","code":429,"headers":{},"rateLimit":{}}
2026-01-26T23:51:20.821Z - API Data: {"title":"Too Many Requests","detail":"Too Many Requests","type":"about:blank","status":429}
2026-01-26T23:51:24.607Z - Error: {"error":{"type":"about:blank"},"type":"response","code":429,"headers":{},"rateLimit":{}}
2026-01-26T23:51:24.608Z - API Data: {"title":"Too Many Requests","detail":"Too Many Requests","type":"about:blank","status":429}
2026-01-26T23:51:26.516Z - Error: {"error":{"type":"about:blank"},"type":"response","code":429,"headers":{},"rateLimit":{}}
2026-01-26T23:51:26.516Z - API Data: {"title":"Too Many Requests","detail":"Too Many Requests","type":"about:blank","status":429}
2026-01-26T23:51:30.467Z - Error: {"error":{"type":"about:blank"},"type":"response","code":429,"headers":{},"rateLimit":{}}
2026-01-26T23:51:30.467Z - API Data: {"title":"Too Many Requests","detail":"Too Many Requests","type":"about:blank","status":429}
2026-01-26T23:51:32.718Z - Error: {"error":{"type":"about:blank"},"type":"response","code":429,"headers":{},"rateLimit":{}}
2026-01-26T23:51:32.718Z - API Data: {"title":"Too Many Requests","detail":"Too Many Requests","type":"about:blank","status":429}
2026-01-26T23:51:36.713Z - Error: {"error":{"type":"about:blank"},"type":"response","code":429,"headers":{},"rateLimit":{}}
2026-01-26T23:51:36.713Z - API Data: {"title":"Too Many Requests","detail":"Too Many Requests","type":"about:blank","status":429}
2026-01-26T23:51:38.450Z - Error: {"error":{"type":"about:blank"},"type":"response","code":429,"headers":{},"rateLimit":{}}
2026-01-26T23:51:38.450Z - API Data: {"title":"Too Many Requests","detail":"Too Many Requests","type":"about:blank","status":429}
2026-01-26T23:51:42.530Z - Error: {"error":{"type":"about:blank"},"type":"response","code":429,"headers":{},"rateLimit":{}}
2026-01-26T23:51:42.530Z - API Data: {"title":"Too Many Requests","detail":"Too Many Requests","type":"about:blank","status":429}
2026-01-26T23:51:44.734Z - Error: {"error":{"type":"about:blank"},"type":"response","code":429,"headers":{},"rateLimit":{}}
2026-01-26T23:51:44.734Z - API Data: {"title":"Too Many Requests","detail":"Too Many Requests","type":"about:blank","status":429}
2026-01-26T23:51:48.849Z - Error: {"error":{"type":"about:blank"},"type":"response","code":429,"headers":{},"rateLimit":{}}
2026-01-26T23:51:48.849Z - API Data: {"title":"Too Many Requests","detail":"Too Many Requests","type":"about:blank","status":429}
2026-01-26T23:51:50.520Z - Error: {"error":{"type":"about:blank"},"type":"response","code":429,"headers":{},"rateLimit":{}}
2026-01-26T23:51:50.520Z - API Data: {"title":"Too Many Requests","detail":"Too Many Requests","type":"about:blank","status":429}
2026-01-26T23:51:54.490Z - Error: {"error":{"type":"about:blank"},"type":"response","code":429,"headers":{},"rateLimit":{}}
2026-01-26T23:51:54.490Z - API Data: {"title":"Too Many Requests","detail":"Too Many Requests","type":"about:blank","status":429}
2026-01-26T23:51:56.305Z - Error: {"error":{"type":"about:blank"},"type":"response","code":429,"headers":{},"rateLimit":{}}
2026-01-26T23:51:56.305Z - API Data: {"title":"Too Many Requests","detail":"Too Many Requests","type":"about:blank","status":429}
2026-01-26T23:52:00.308Z - Error: {"error":{"type":"about:blank"},"type":"response","code":429,"headers":{},"rateLimit":{}}
2026-01-26T23:52:00.309Z - API Data: {"title":"Too Many Requests","detail":"Too Many Requests","type":"about:blank","status":429}
2026-01-26T23:52:02.558Z - Error: {"error":{"type":"about:blank"},"type":"response","code":429,"headers":{},"rateLimit":{}}
2026-01-26T23:52:02.558Z - API Data: {"title":"Too Many Requests","detail":"Too Many Requests","type":"about:blank","status":429}
2026-01-26T23:52:06.399Z - Error: {"error":{"type":"about:blank"},"type":"response","code":429,"headers":{},"rateLimit":{}}
2026-01-26T23:52:06.399Z - API Data: {"title":"Too Many Requests","detail":"Too Many Requests","type":"about:blank","status":429}
2026-01-26T23:52:08.484Z - Error: {"error":{"type":"about:blank"},"type":"response","code":429,"headers":{},"rateLimit":{}}
2026-01-26T23:52:08.484Z - API Data: {"title":"Too Many Requests","detail":"Too Many Requests","type":"about:blank","status":429}
2026-01-26T23:52:12.196Z - Error: {"error":{"type":"about:blank"},"type":"response","code":429,"headers":{},"rateLimit":{}}
2026-01-26T23:52:12.196Z - API Data: {"title":"Too Many Requests","detail":"Too Many Requests","type":"about:blank","status":429}
2026-01-26T23:52:14.888Z - Error: {"error":{"type":"about:blank"},"type":"response","code":429,"headers":{},"rateLimit":{}}
2026-01-26T23:52:14.889Z - API Data: {"title":"Too Many Requests","detail":"Too Many Requests","type":"about:blank","status":429}
2026-01-26T23:52:17.855Z - Error: {"error":{"type":"about:blank"},"type":"response","code":429,"headers":{},"rateLimit":{}}
2026-01-26T23:52:17.855Z - API Data: {"title":"Too Many Requests","detail":"Too Many Requests","type":"about:blank","status":429}
2026-01-26T23:52:20.649Z - Error: {"error":{"type":"about:blank"},"type":"response","code":429,"headers":{},"rateLimit":{}}
2026-01-26T23:52:20.649Z - API Data: {"title":"Too Many Requests","detail":"Too Many Requests","type":"about:blank","status":429}
2026-01-26T23:52:23.642Z - Error: {"error":{"type":"about:blank"},"type":"response","code":429,"headers":{},"rateLimit":{}}
2026-01-26T23:52:23.642Z - API Data: {"title":"Too Many Requests","detail":"Too Many Requests","type":"about:blank","status":429}
2026-01-26T23:52:26.973Z - Error: {"error":{"type":"about:blank"},"type":"response","code":429,"headers":{},"rateLimit":{}}
2026-01-26T23:52:26.973Z - API Data: {"title":"Too Many Requests","detail":"Too Many Requests","type":"about:blank","status":429}
2026-01-26T23:52:29.926Z - Error: {"error":{"type":"about:blank"},"type":"response","code":429,"headers":{},"rateLimit":{}}
2026-01-26T23:52:29.926Z - API Data: {"title":"Too Many Requests","detail":"Too Many Requests","type":"about:blank","status":429}
2026-01-26T23:52:32.786Z - Error: {"error":{"type":"about:blank"},"type":"response","code":429,"headers":{},"rateLimit":{}}
2026-01-26T23:52:32.787Z - API Data: {"title":"Too Many Requests","detail":"Too Many Requests","type":"about:blank","status":429}
2026-01-26T23:52:37.082Z - Error: {"error":{"type":"about:blank"},"type":"response","code":429,"headers":{},"rateLimit":{}}
2026-01-26T23:52:37.082Z - API Data: {"title":"Too Many Requests","detail":"Too Many Requests","type":"about:blank","status":429}
2026-01-26T23:52:38.765Z - Error: {"error":{"type":"about:blank"},"type":"response","code":429,"headers":{},"rateLimit":{}}
2026-01-26T23:52:38.765Z - API Data: {"title":"Too Many Requests","detail":"Too Many Requests","type":"about:blank","status":429}
2026-01-26T23:52:42.876Z - Error: {"error":{"type":"about:blank"},"type":"response","code":429,"headers":{},"rateLimit":{}}
2026-01-26T23:52:42.876Z - API Data: {"title":"Too Many Requests","detail":"Too Many Requests","type":"about:blank","status":429}
2026-01-26T23:52:44.549Z - Error: {"error":{"type":"about:blank"},"type":"response","code":429,"headers":{},"rateLimit":{}}
2026-01-26T23:52:44.549Z - API Data: {"title":"Too Many Requests","detail":"Too Many Requests","type":"about:blank","status":429}
2026-01-26T23:52:49.245Z - Error: {"error":{"type":"about:blank"},"type":"response","code":429,"headers":{},"rateLimit":{}}
2026-01-26T23:52:49.245Z - API Data: {"title":"Too Many Requests","detail":"Too Many Requests","type":"about:blank","status":429}
2026-01-26T23:52:51.369Z - Error: {"error":{"type":"about:blank"},"type":"response","code":429,"headers":{},"rateLimit":{}}
2026-01-26T23:52:51.369Z - API Data: {"title":"Too Many Requests","detail":"Too Many Requests","type":"about:blank","status":429}
2026-01-26T23:52:55.019Z - Error: {"error":{"type":"about:blank"},"type":"response","code":429,"headers":{},"rateLimit":{}}
2026-01-26T23:52:55.019Z - API Data: {"title":"Too Many Requests","detail":"Too Many Requests","type":"about:blank","status":429}
2026-01-26T23:52:57.076Z - Error: {"error":{"type":"about:blank"},"type":"response","code":429,"headers":{},"rateLimit":{}}
2026-01-26T23:52:57.076Z - API Data: {"title":"Too Many Requests","detail":"Too Many Requests","type":"about:blank","status":429}
2026-01-26T23:53:01.080Z - Error: {"error":{"type":"about:blank"},"type":"response","code":429,"headers":{},"rateLimit":{}}
2026-01-26T23:53:01.081Z - API Data: {"title":"Too Many Requests","detail":"Too Many Requests","type":"about:blank","status":429}
2026-01-26T23:53:02.872Z - Error: {"error":{"type":"about:blank"},"type":"response","code":429,"headers":{},"rateLimit":{}}
2026-01-26T23:53:02.872Z - API Data: {"title":"Too Many Requests","detail":"Too Many Requests","type":"about:blank","status":429}
2026-01-26T23:53:07.597Z - Error: {"error":{"type":"about:blank"},"type":"response","code":429,"headers":{},"rateLimit":{}}
2026-01-26T23:53:07.597Z - API Data: {"title":"Too Many Requests","detail":"Too Many Requests","type":"about:blank","status":429}
2026-01-26T23:53:08.683Z - Error: {"error":{"type":"about:blank"},"type":"response","code":429,"headers":{},"rateLimit":{}}
2026-01-26T23:53:08.683Z - API Data: {"title":"Too Many Requests","detail":"Too Many Requests","type":"about:blank","status":429}
2026-01-26T23:53:13.316Z - Error: {"error":{"type":"about:blank"},"type":"response","code":429,"headers":{},"rateLimit":{}}
2026-01-26T23:53:13.317Z - API Data: {"title":"Too Many Requests","detail":"Too Many Requests","type":"about:blank","status":429}
2026-01-26T23:53:14.881Z - Error: {"error":{"type":"about:blank"},"type":"response","code":429,"headers":{},"rateLimit":{}}
2026-01-26T23:53:14.881Z - API Data: {"title":"Too Many Requests","detail":"Too Many Requests","type":"about:blank","status":429}
2026-01-26T23:53:19.154Z - Error: {"error":{"type":"about:blank"},"type":"response","code":429,"headers":{},"rateLimit":{}}
2026-01-26T23:53:19.154Z - API Data: {"title":"Too Many Requests","detail":"Too Many Requests","type":"about:blank","status":429}
2026-01-26T23:53:20.565Z - Error: {"error":{"type":"about:blank"},"type":"response","code":429,"headers":{},"rateLimit":{}}
2026-01-26T23:53:20.565Z - API Data: {"title":"Too Many Requests","detail":"Too Many Requests","type":"about:blank","status":429}
2026-01-26T23:53:24.999Z - Error: {"error":{"type":"about:blank"},"type":"response","code":429,"headers":{},"rateLimit":{}}
2026-01-26T23:53:24.999Z - API Data: {"title":"Too Many Requests","detail":"Too Many Requests","type":"about:blank","status":429}
2026-01-26T23:53:26.463Z - Error: {"error":{"type":"about:blank"},"type":"response","code":429,"headers":{},"rateLimit":{}}
2026-01-26T23:53:26.463Z - API Data: {"title":"Too Many Requests","detail":"Too Many Requests","type":"about:blank","status":429}
2026-01-26T23:53:32.431Z - Error: {"error":{"type":"about:blank"},"type":"response","code":429,"headers":{},"rateLimit":{}}
2026-01-26T23:53:32.431Z - API Data: {"title":"Too Many Requests","detail":"Too Many Requests","type":"about:blank","status":429}
2026-01-26T23:53:34.375Z - Error: {"error":{"type":"about:blank"},"type":"response","code":429,"headers":{},"rateLimit":{}}
2026-01-26T23:53:34.375Z - API Data: {"title":"Too Many Requests","detail":"Too Many Requests","type":"about:blank","status":429}
2026-01-26T23:53:40.052Z - Error: {"error":{"type":"about:blank"},"type":"response","code":429,"headers":{},"rateLimit":{}}
2026-01-26T23:53:40.052Z - API Data: {"title":"Too Many Requests","detail":"Too Many Requests","type":"about:blank","status":429}
2026-01-26T23:53:41.963Z - Error: {"error":{"type":"about:blank"},"type":"response","code":429,"headers":{},"rateLimit":{}}
2026-01-26T23:53:41.963Z - API Data: {"title":"Too Many Requests","detail":"Too Many Requests","type":"about:blank","status":429}
2026-01-26T23:53:47.133Z - Error: {"error":{"type":"about:blank"},"type":"response","code":429,"headers":{},"rateLimit":{}}
2026-01-26T23:53:47.133Z - API Data: {"title":"Too Many Requests","detail":"Too Many Requests","type":"about:blank","status":429}
2026-01-26T23:53:49.147Z - Error: {"error":{"type":"about:blank"},"type":"response","code":429,"headers":{},"rateLimit":{}}
2026-01-26T23:53:49.147Z - API Data: {"title":"Too Many Requests","detail":"Too Many Requests","type":"about:blank","status":429}
2026-01-26T23:53:55.153Z - Error: {"error":{"type":"about:blank"},"type":"response","code":429,"headers":{},"rateLimit":{}}
2026-01-26T23:53:55.153Z - API Data: {"title":"Too Many Requests","detail":"Too Many Requests","type":"about:blank","status":429}
2026-01-26T23:53:56.990Z - Error: {"error":{"type":"about:blank"},"type":"response","code":429,"headers":{},"rateLimit":{}}
2026-01-26T23:53:56.990Z - API Data: {"title":"Too Many Requests","detail":"Too Many Requests","type":"about:blank","status":429}
2026-01-26T23:54:02.834Z - Error: {"error":{"type":"about:blank"},"type":"response","code":429,"headers":{},"rateLimit":{}}
2026-01-26T23:54:02.834Z - API Data: {"title":"Too Many Requests","detail":"Too Many Requests","type":"about:blank","status":429}
2026-01-26T23:54:04.811Z - Error: {"error":{"type":"about:blank"},"type":"response","code":429,"headers":{},"rateLimit":{}}
2026-01-26T23:54:04.811Z - API Data: {"title":"Too Many Requests","detail":"Too Many Requests","type":"about:blank","status":429}
2026-01-29T20:20:25.676Z - Error: {"error":{"type":"about:blank"},"type":"response","code":429,"headers":{},"rateLimit":{}}
2026-01-29T20:20:25.678Z - API Data: {"title":"Too Many Requests","detail":"Too Many Requests","type":"about:blank","status":429}
2026-01-29T20:21:00.151Z - Error: {"error":{"type":"about:blank"},"type":"response","code":429,"headers":{},"rateLimit":{}}
2026-01-29T20:21:00.151Z - API Data: {"title":"Too Many Requests","detail":"Too Many Requests","type":"about:blank","status":429}
2026-01-29T20:21:00.301Z - Error: {"error":{"type":"about:blank"},"type":"response","code":429,"headers":{},"rateLimit":{}}
2026-01-29T20:21:00.301Z - API Data: {"title":"Too Many Requests","detail":"Too Many Requests","type":"about:blank","status":429}
2026-01-29T20:21:07.478Z - Error: {"error":{"type":"about:blank"},"type":"response","code":429,"headers":{},"rateLimit":{}}
2026-01-29T20:21:07.478Z - API Data: {"title":"Too Many Requests","detail":"Too Many Requests","type":"about:blank","status":429}
2026-01-29T20:21:07.582Z - Error: {"error":{"type":"about:blank"},"type":"response","code":429,"headers":{},"rateLimit":{}}
2026-01-29T20:21:07.582Z - API Data: {"title":"Too Many Requests","detail":"Too Many Requests","type":"about:blank","status":429}
2026-01-29T20:21:14.849Z - Error: {"error":{"type":"about:blank"},"type":"response","code":429,"headers":{},"rateLimit":{}}
2026-01-29T20:21:14.849Z - API Data: {"title":"Too Many Requests","detail":"Too Many Requests","type":"about:blank","status":429}
2026-01-29T20:21:15.086Z - Error: {"error":{"type":"about:blank"},"type":"response","code":429,"headers":{},"rateLimit":{}}
2026-01-29T20:21:15.086Z - API Data: {"title":"Too Many Requests","detail":"Too Many Requests","type":"about:blank","status":429}
2026-01-29T20:21:22.114Z - Error: {"error":{"type":"about:blank"},"type":"response","code":429,"headers":{},"rateLimit":{}}
2026-01-29T20:21:22.114Z - API Data: {"title":"Too Many Requests","detail":"Too Many Requests","type":"about:blank","status":429}
2026-01-29T20:21:22.389Z - Error: {"error":{"type":"about:blank"},"type":"response","code":429,"headers":{},"rateLimit":{}}
2026-01-29T20:21:22.390Z - API Data: {"title":"Too Many Requests","detail":"Too Many Requests","type":"about:blank","status":429}
2026-01-29T20:21:29.479Z - Error: {"error":{"type":"about:blank"},"type":"response","code":429,"headers":{},"rateLimit":{}}
2026-01-29T20:21:29.480Z - API Data: {"title":"Too Many Requests","detail":"Too Many Requests","type":"about:blank","status":429}
2026-01-29T20:21:30.157Z - Error: {"error":{"type":"about:blank"},"type":"response","code":429,"headers":{},"rateLimit":{}}
2026-01-29T20:21:30.157Z - API Data: {"title":"Too Many Requests","detail":"Too Many Requests","type":"about:blank","status":429}
2026-01-29T20:21:36.798Z - Error: {"error":{"type":"about:blank"},"type":"response","code":429,"headers":{},"rateLimit":{}}
2026-01-29T20:21:36.798Z - API Data: {"title":"Too Many Requests","detail":"Too Many Requests","type":"about:blank","status":429}
2026-01-29T20:21:37.699Z - Error: {"error":{"type":"about:blank"},"type":"response","code":429,"headers":{},"rateLimit":{}}
2026-01-29T20:21:37.699Z - API Data: {"title":"Too Many Requests","detail":"Too Many Requests","type":"about:blank","status":429}
2026-01-29T20:21:44.178Z - Error: {"error":{"type":"about:blank"},"type":"response","code":429,"headers":{},"rateLimit":{}}
2026-01-29T20:21:44.179Z - API Data: {"title":"Too Many Requests","detail":"Too Many Requests","type":"about:blank","status":429}
2026-01-29T20:21:45.202Z - Error: {"error":{"type":"about:blank"},"type":"response","code":429,"headers":{},"rateLimit":{}}
2026-01-29T20:21:45.202Z - API Data: {"title":"Too Many Requests","detail":"Too Many Requests","type":"about:blank","status":429}
2026-01-29T20:21:51.454Z - Error: {"error":{"type":"about:blank"},"type":"response","code":429,"headers":{},"rateLimit":{}}
2026-01-29T20:21:51.454Z - API Data: {"title":"Too Many Requests","detail":"Too Many Requests","type":"about:blank","status":429}
2026-01-29T20:21:52.455Z - Error: {"error":{"type":"about:blank"},"type":"response","code":429,"headers":{},"rateLimit":{}}
2026-01-29T20:21:52.455Z - API Data: {"title":"Too Many Requests","detail":"Too Many Requests","type":"about:blank","status":429}
2026-01-29T20:21:57.144Z - Error: {"error":{"type":"about:blank"},"type":"response","code":429,"headers":{},"rateLimit":{}}
2026-01-29T20:21:57.144Z - API Data: {"title":"Too Many Requests","detail":"Too Many Requests","type":"about:blank","status":429}
2026-01-29T20:21:58.131Z - Error: {"error":{"type":"about:blank"},"type":"response","code":429,"headers":{},"rateLimit":{}}
2026-01-29T20:21:58.132Z - API Data: {"title":"Too Many Requests","detail":"Too Many Requests","type":"about:blank","status":429}
2026-01-29T20:22:02.777Z - Error: {"error":{"type":"about:blank"},"type":"response","code":429,"headers":{},"rateLimit":{}}
2026-01-29T20:22:02.777Z - API Data: {"title":"Too Many Requests","detail":"Too Many Requests","type":"about:blank","status":429}
2026-01-29T20:22:03.869Z - Error: {"error":{"type":"about:blank"},"type":"response","code":429,"headers":{},"rateLimit":{}}
2026-01-29T20:22:03.869Z - API Data: {"title":"Too Many Requests","detail":"Too Many Requests","type":"about:blank","status":429}
2026-01-29T20:22:08.427Z - Error: {"error":{"type":"about:blank"},"type":"response","code":429,"headers":{},"rateLimit":{}}
2026-01-29T20:22:08.427Z - API Data: {"title":"Too Many Requests","detail":"Too Many Requests","type":"about:blank","status":429}
2026-01-29T20:22:09.493Z - Error: {"error":{"type":"about:blank"},"type":"response","code":429,"headers":{},"rateLimit":{}}
2026-01-29T20:22:09.494Z - API Data: {"title":"Too Many Requests","detail":"Too Many Requests","type":"about:blank","status":429}
2026-01-29T20:22:14.054Z - Error: {"error":{"type":"about:blank"},"type":"response","code":429,"headers":{},"rateLimit":{}}
2026-01-29T20:22:14.054Z - API Data: {"title":"Too Many Requests","detail":"Too Many Requests","type":"about:blank","status":429}
2026-01-29T20:22:15.175Z - Error: {"error":{"type":"about:blank"},"type":"response","code":429,"headers":{},"rateLimit":{}}
2026-01-29T20:22:15.175Z - API Data: {"title":"Too Many Requests","detail":"Too Many Requests","type":"about:blank","status":429}
2026-01-29T20:22:19.773Z - Error: {"error":{"type":"about:blank"},"type":"response","code":429,"headers":{},"rateLimit":{}}
2026-01-29T20:22:19.774Z - API Data: {"title":"Too Many Requests","detail":"Too Many Requests","type":"about:blank","status":429}
2026-01-29T20:22:20.780Z - Error: {"error":{"type":"about:blank"},"type":"response","code":429,"headers":{},"rateLimit":{}}
2026-01-29T20:22:20.780Z - API Data: {"title":"Too Many Requests","detail":"Too Many Requests","type":"about:blank","status":429}
2026-01-29T20:22:25.399Z - Error: {"error":{"type":"about:blank"},"type":"response","code":429,"headers":{},"rateLimit":{}}
2026-01-29T20:22:25.399Z - API Data: {"title":"Too Many Requests","detail":"Too Many Requests","type":"about:blank","status":429}
2026-01-29T20:22:26.412Z - Error: {"error":{"type":"about:blank"},"type":"response","code":429,"headers":{},"rateLimit":{}}
2026-01-29T20:22:26.412Z - API Data: {"title":"Too Many Requests","detail":"Too Many Requests","type":"about:blank","status":429}
2026-01-29T20:22:31.018Z - Error: {"error":{"type":"about:blank"},"type":"response","code":429,"headers":{},"rateLimit":{}}
2026-01-29T20:22:31.018Z - API Data: {"title":"Too Many Requests","detail":"Too Many Requests","type":"about:blank","status":429}
2026-01-29T20:22:32.037Z - Error: {"error":{"type":"about:blank"},"type":"response","code":429,"headers":{},"rateLimit":{}}
2026-01-29T20:22:32.037Z - API Data: {"title":"Too Many Requests","detail":"Too Many Requests","type":"about:blank","status":429}
2026-01-29T20:22:36.629Z - Error: {"error":{"type":"about:blank"},"type":"response","code":429,"headers":{},"rateLimit":{}}
2026-01-29T20:22:36.629Z - API Data: {"title":"Too Many Requests","detail":"Too Many Requests","type":"about:blank","status":429}
2026-01-29T20:22:37.657Z - Error: {"error":{"type":"about:blank"},"type":"response","code":429,"headers":{},"rateLimit":{}}
2026-01-29T20:22:37.657Z - API Data: {"title":"Too Many Requests","detail":"Too Many Requests","type":"about:blank","status":429}
2026-01-29T20:22:42.254Z - Error: {"error":{"type":"about:blank"},"type":"response","code":429,"headers":{},"rateLimit":{}}
2026-01-29T20:22:42.254Z - API Data: {"title":"Too Many Requests","detail":"Too Many Requests","type":"about:blank","status":429}
2026-01-29T20:22:43.293Z - Error: {"error":{"type":"about:blank"},"type":"response","code":429,"headers":{},"rateLimit":{}}
2026-01-29T20:22:43.293Z - API Data: {"title":"Too Many Requests","detail":"Too Many Requests","type":"about:blank","status":429}
2026-01-29T20:22:47.898Z - Error: {"error":{"type":"about:blank"},"type":"response","code":429,"headers":{},"rateLimit":{}}
2026-01-29T20:22:47.898Z - API Data: {"title":"Too Many Requests","detail":"Too Many Requests","type":"about:blank","status":429}
2026-01-29T20:22:48.922Z - Error: {"error":{"type":"about:blank"},"type":"response","code":429,"headers":{},"rateLimit":{}}
2026-01-29T20:22:48.923Z - API Data: {"title":"Too Many Requests","detail":"Too Many Requests","type":"about:blank","status":429}
2026-01-29T20:22:53.529Z - Error: {"error":{"type":"about:blank"},"type":"response","code":429,"headers":{},"rateLimit":{}}
2026-01-29T20:22:53.529Z - API Data: {"title":"Too Many Requests","detail":"Too Many Requests","type":"about:blank","status":429}
2026-01-29T20:22:54.566Z - Error: {"error":{"type":"about:blank"},"type":"response","code":429,"headers":{},"rateLimit":{}}
2026-01-29T20:22:54.566Z - API Data: {"title":"Too Many Requests","detail":"Too Many Requests","type":"about:blank","status":429}
2026-01-29T20:22:59.164Z - Error: {"error":{"type":"about:blank"},"type":"response","code":429,"headers":{},"rateLimit":{}}
2026-01-29T20:22:59.164Z - API Data: {"title":"Too Many Requests","detail":"Too Many Requests","type":"about:blank","status":429}
2026-01-29T20:23:00.201Z - Error: {"error":{"type":"about:blank"},"type":"response","code":429,"headers":{},"rateLimit":{}}
2026-01-29T20:23:00.201Z - API Data: {"title":"Too Many Requests","detail":"Too Many Requests","type":"about:blank","status":429}
2026-01-29T20:23:04.798Z - Error: {"error":{"type":"about:blank"},"type":"response","code":429,"headers":{},"rateLimit":{}}
2026-01-29T20:23:04.798Z - API Data: {"title":"Too Many Requests","detail":"Too Many Requests","type":"about:blank","status":429}
2026-01-29T20:23:05.837Z - Error: {"error":{"type":"about:blank"},"type":"response","code":429,"headers":{},"rateLimit":{}}
2026-01-29T20:23:05.837Z - API Data: {"title":"Too Many Requests","detail":"Too Many Requests","type":"about:blank","status":429}
2026-01-29T20:23:10.496Z - Error: {"error":{"type":"about:blank"},"type":"response","code":429,"headers":{},"rateLimit":{}}
2026-01-29T20:23:10.496Z - API Data: {"title":"Too Many Requests","detail":"Too Many Requests","type":"about:blank","status":429}
2026-01-29T20:23:11.723Z - Error: {"error":{"type":"about:blank"},"type":"response","code":429,"headers":{},"rateLimit":{}}
2026-01-29T20:23:11.723Z - API Data: {"title":"Too Many Requests","detail":"Too Many Requests","type":"about:blank","status":429}
2026-01-29T20:23:16.184Z - Error: {"error":{"type":"about:blank"},"type":"response","code":429,"headers":{},"rateLimit":{}}
2026-01-29T20:23:16.184Z - API Data: {"title":"Too Many Requests","detail":"Too Many Requests","type":"about:blank","status":429}
2026-01-29T20:23:17.381Z - Error: {"error":{"type":"about:blank"},"type":"response","code":429,"headers":{},"rateLimit":{}}
2026-01-29T20:23:17.381Z - API Data: {"title":"Too Many Requests","detail":"Too Many Requests","type":"about:blank","status":429}
2026-01-29T20:23:21.884Z - Error: {"error":{"type":"about:blank"},"type":"response","code":429,"headers":{},"rateLimit":{}}
2026-01-29T20:23:21.884Z - API Data: {"title":"Too Many Requests","detail":"Too Many Requests","type":"about:blank","status":429}
2026-01-29T20:23:23.021Z - Error: {"error":{"type":"about:blank"},"type":"response","code":429,"headers":{},"rateLimit":{}}
2026-01-29T20:23:23.021Z - API Data: {"title":"Too Many Requests","detail":"Too Many Requests","type":"about:blank","status":429}
2026-01-29T20:23:27.922Z - Error: {"error":{"type":"about:blank"},"type":"response","code":429,"headers":{},"rateLimit":{}}
2026-01-29T20:23:27.922Z - API Data: {"title":"Too Many Requests","detail":"Too Many Requests","type":"about:blank","status":429}
2026-01-29T20:23:28.660Z - Error: {"error":{"type":"about:blank"},"type":"response","code":429,"headers":{},"rateLimit":{}}
2026-01-29T20:23:28.660Z - API Data: {"title":"Too Many Requests","detail":"Too Many Requests","type":"about:blank","status":429}
2026-01-29T20:23:33.580Z - Error: {"error":{"type":"about:blank"},"type":"response","code":429,"headers":{},"rateLimit":{}}
2026-01-29T20:23:33.580Z - API Data: {"title":"Too Many Requests","detail":"Too Many Requests","type":"about:blank","status":429}
2026-01-29T20:23:34.426Z - Error: {"error":{"type":"about:blank"},"type":"response","code":429,"headers":{},"rateLimit":{}}
2026-01-29T20:23:34.426Z - API Data: {"title":"Too Many Requests","detail":"Too Many Requests","type":"about:blank","status":429}
2026-01-29T20:23:39.251Z - Error: {"error":{"type":"about:blank"},"type":"response","code":429,"headers":{},"rateLimit":{}}
2026-01-29T20:23:39.251Z - API Data: {"title":"Too Many Requests","detail":"Too Many Requests","type":"about:blank","status":429}
2026-01-29T20:23:40.171Z - Error: {"error":{"type":"about:blank"},"type":"response","code":429,"headers":{},"rateLimit":{}}
2026-01-29T20:23:40.171Z - API Data: {"title":"Too Many Requests","detail":"Too Many Requests","type":"about:blank","status":429}
2026-01-29T20:23:45.004Z - Error: {"error":{"type":"about:blank"},"type":"response","code":429,"headers":{},"rateLimit":{}}
2026-01-29T20:23:45.004Z - API Data: {"title":"Too Many Requests","detail":"Too Many Requests","type":"about:blank","status":429}
2026-01-29T20:23:45.857Z - Error: {"error":{"type":"about:blank"},"type":"response","code":429,"headers":{},"rateLimit":{}}
2026-01-29T20:23:45.857Z - API Data: {"title":"Too Many Requests","detail":"Too Many Requests","type":"about:blank","status":429}
2026-01-29T20:23:50.674Z - Error: {"error":{"type":"about:blank"},"type":"response","code":429,"headers":{},"rateLimit":{}}
2026-01-29T20:23:50.674Z - API Data: {"title":"Too Many Requests","detail":"Too Many Requests","type":"about:blank","status":429}
2026-01-29T20:23:51.494Z - Error: {"error":{"type":"about:blank"},"type":"response","code":429,"headers":{},"rateLimit":{}}
2026-01-29T20:23:51.495Z - API Data: {"title":"Too Many Requests","detail":"Too Many Requests","type":"about:blank","status":429}
2026-01-29T20:23:56.322Z - Error: {"error":{"type":"about:blank"},"type":"response","code":429,"headers":{},"rateLimit":{}}
2026-01-29T20:23:56.322Z - API Data: {"title":"Too Many Requests","detail":"Too Many Requests","type":"about:blank","status":429}
2026-01-29T20:23:57.145Z - Error: {"error":{"type":"about:blank"},"type":"response","code":429,"headers":{},"rateLimit":{}}
2026-01-29T20:23:57.146Z - API Data: {"title":"Too Many Requests","detail":"Too Many Requests","type":"about:blank","status":429}
2026-01-29T20:24:01.974Z - Error: {"error":{"type":"about:blank"},"type":"response","code":429,"headers":{},"rateLimit":{}}
2026-01-29T20:24:01.974Z - API Data: {"title":"Too Many Requests","detail":"Too Many Requests","type":"about:blank","status":429}
2026-01-29T20:24:02.784Z - Error: {"error":{"type":"about:blank"},"type":"response","code":429,"headers":{},"rateLimit":{}}
2026-01-29T20:24:02.784Z - API Data: {"title":"Too Many Requests","detail":"Too Many Requests","type":"about:blank","status":429}
2026-01-29T20:24:07.670Z - Error: {"error":{"type":"about:blank"},"type":"response","code":429,"headers":{},"rateLimit":{}}
2026-01-29T20:24:07.670Z - API Data: {"title":"Too Many Requests","detail":"Too Many Requests","type":"about:blank","status":429}
2026-01-29T20:24:08.429Z - Error: {"error":{"type":"about:blank"},"type":"response","code":429,"headers":{},"rateLimit":{}}
2026-01-29T20:24:08.429Z - API Data: {"title":"Too Many Requests","detail":"Too Many Requests","type":"about:blank","status":429}
